"D:/Codes/gitChess/Content/Materials/BoardBorder_B.uasset" 0
"D:/Codes/gitChess/Content/BoardBorder_B.uasset" 1
"D:/Codes/gitChess/Content/Materials/chessTile_B.uasset" 2
"D:/Codes/gitChess/Content/chessTile_B.uasset" 3
"D:/Codes/gitChess/Content/Materials/chessTile_W.uasset" 4
"D:/Codes/gitChess/Content/chessTile_W.uasset" 5
"D:/Codes/gitChess/Content/Fonts/SegoeUISemiBold.uasset" 6
"D:/Codes/gitChess/Content/Images/5.uasset" 7
"D:/Codes/gitChess/Content/Materials/ChessPiece_W.uasset" 8
"D:/Codes/gitChess/Content/Materials/BnW(Default)/Master_BW.uasset" 9
"../../../Engine/Content/EngineMaterials/Good64x64TilingNoiseHighFreq.uasset" 10
"D:/Codes/gitChess/Content/Materials/Glass/MF_AdvancedUV.uasset" 11
"../../../Engine/Content/Functions/Engine_MaterialFunctions02/Utility/BlendAngleCorrectedNormals.uasset" 12
"../../../Engine/Content/Functions/Engine_MaterialFunctions01/Texturing/SpiralBlur-SceneTexture.uasset" 13
"D:/Codes/gitChess/Content/Materials/Glass/Textures/T_HDR_Test.uasset" 14
"../../../Engine/Content/EngineMaterials/T_Default_MacroVariation.uasset" 15
"../../../Engine/Content/EngineMaterials/Grid_N.uasset" 16
"../../../Engine/Content/EngineMaterials/DefaultNormal.uasset" 17
"D:/Codes/gitChess/Content/Materials/Glass/FrozenMaster.uasset" 18
"D:/Codes/gitChess/Content/Materials/Glass/FrozenGlass.uasset" 19
"D:/Codes/gitChess/Content/Materials/Glass/FrozenPiece.uasset" 20
"D:/Codes/gitChess/Content/Materials/Glass/M_Glass_CleanMaster.uasset" 21
"D:/Codes/gitChess/Content/Materials/Glass/Clear_Tile.uasset" 22
"D:/Codes/gitChess/Content/Materials/Glass/Glass.uasset" 23
"D:/Codes/gitChess/Content/Materials/Glass/Textures/MF_AdvancedUV.uasset" 24
"D:/Codes/gitChess/Content/Materials/Glass/Textures/Textures/FrostMask/T_Frost_01.uasset" 25
"D:/Codes/gitChess/Content/Materials/Glass/Textures/Textures/FrostMask/T_Frost_01_N.uasset" 26
"D:/Codes/gitChess/Content/Materials/Highlights/Eliminate_Highlight.uasset" 27
"D:/Codes/gitChess/Content/Materials/Highlights/Select_Highlight.uasset" 28
"../../../Engine/Content/EngineMaterials/T_Default_Material_Grid_N.uasset" 29
"../../../Engine/Content/EngineMaterials/T_Default_Material_Grid_M.uasset" 30
"../../../Engine/Content/Functions/Engine_MaterialFunctions01/Opacity/CameraDepthFade.uasset" 31
"../../../Engine/Content/EngineMaterials/WorldGridMaterial.uasset" 32
"D:/Codes/gitChess/Content/Meshes/Bishop.uasset" 33
"D:/Codes/gitChess/Content/Meshes/King.uasset" 34
"D:/Codes/gitChess/Content/Meshes/Knight.uasset" 35
"D:/Codes/gitChess/Content/Meshes/Pawn.uasset" 36
"D:/Codes/gitChess/Content/Meshes/Queen.uasset" 37
"D:/Codes/gitChess/Content/Meshes/Rook.uasset" 38
"D:/Codes/gitChess/Content/Materials/Wood/Textures/T_Beech_Strp_01_AO.uasset" 39
"D:/Codes/gitChess/Content/Materials/Wood/Textures/T_Beech_Strp_01_R.uasset" 40
"D:/Codes/gitChess/Content/Materials/Wood/Textures/T_Oak_Bskt_01_AO.uasset" 41
"D:/Codes/gitChess/Content/Materials/Wood/Textures/T_Oak_Bskt_01_D.uasset" 42
"D:/Codes/gitChess/Content/Materials/Wood/Textures/T_Oak_Bskt_01_R.uasset" 43
"D:/Codes/gitChess/Content/Materials/Wood/Textures/T_Oak_Bskt_02_AO.uasset" 44
"D:/Codes/gitChess/Content/Materials/Wood/Textures/T_Oak_Bskt_02_D.uasset" 45
"D:/Codes/gitChess/Content/Materials/Wood/Textures/T_Oak_Bskt_02_N.uasset" 46
"D:/Codes/gitChess/Content/Materials/Wood/Textures/T_Oak_Bskt_02_R.uasset" 47
"../../../Engine/Content/ArtTools/RenderToTexture/Meshes/S_1_Unit_Plane.uasset" 48
"../../../Engine/Content/EngineMaterials/DefaultMaterial.uasset" 49
"../../../Engine/Content/BasicShapes/Cone.uasset" 50
"../../../Engine/Content/BasicShapes/Plane.uasset" 51
"../../../Engine/Content/BasicShapes/Sphere.uasset" 52
"../../../Engine/Content/EditorLandscapeResources/DataLayer.uasset" 53
"../../../Engine/Content/EditorLandscapeResources/DefaultAlphaTexture.uasset" 54
"../../../Engine/Content/EditorMaterials/MAT_Groups_Toggle.uasset" 55
"../../../Engine/Content/EditorMaterials/MAT_Groups_Visibility.uasset" 56
"../../../Engine/Content/EditorMaterials/PreviewShadowIndicator.uasset" 57
"../../../Engine/Content/EditorMaterials/PreviewShadowIndicatorMaterial.uasset" 58
"../../../Engine/Content/EditorMaterials/MatineeGroups/MAT_ColorTrack.uasset" 59
"../../../Engine/Content/EditorMaterials/MatineeGroups/MAT_Groups_Anim.uasset" 60
"../../../Engine/Content/EditorMaterials/MatineeGroups/MAT_Groups_AudioMaster.uasset" 61
"../../../Engine/Content/EditorMaterials/MatineeGroups/MAT_Groups_Director.uasset" 62
"../../../Engine/Content/EditorMaterials/MatineeGroups/MAT_Groups_Event.uasset" 63
"../../../Engine/Content/EditorMaterials/MatineeGroups/MAT_Groups_Fade.uasset" 64
"../../../Engine/Content/EditorMaterials/MatineeGroups/MAT_Groups_Float.uasset" 65
"../../../Engine/Content/EditorMaterials/MatineeGroups/MAT_Groups_Move.uasset" 66
"../../../Engine/Content/EditorMaterials/MatineeGroups/MAT_Groups_Slomo.uasset" 67
"../../../Engine/Content/EditorMaterials/MatineeGroups/MAT_Groups_Sound.uasset" 68
"../../../Engine/Content/EditorMaterials/MatineeGroups/MAT_Groups_Vector.uasset" 69
"../../../Engine/Content/EditorMaterials/ParticleSystems/PSysThumbnail_NoImage.uasset" 70
"../../../Engine/Content/EditorMaterials/ParticleSystems/PSysThumbnail_OOD.uasset" 71
"../../../Engine/Content/EditorMaterials/Camera/CineMat.uasset" 72
"../../../Engine/Content/EditorMaterials/Camera/MI_CineMat_Rig.uasset" 73
"../../../Engine/Content/EditorMeshes/Camera/SM_CraneRig_Arm.uasset" 74
"../../../Engine/Content/EditorMeshes/Camera/SM_CraneRig_Base.uasset" 75
"../../../Engine/Content/EditorMeshes/Camera/SM_CraneRig_Body.uasset" 76
"../../../Engine/Content/EditorMeshes/Camera/SM_CraneRig_Mount.uasset" 77
"../../../Engine/Content/EditorMeshes/Camera/SM_RailRig_Mount.uasset" 78
"../../../Engine/Content/EditorMeshes/Camera/SM_RailRig_Track.uasset" 79
"../../../Engine/Content/EditorResources/BSPVertex.uasset" 80
"../../../Engine/Content/EditorResources/EmptyActor.uasset" 81
"../../../Engine/Content/EditorResources/S_Actor.uasset" 82
"../../../Engine/Content/EditorResources/S_Note.uasset" 83
"../../../Engine/Content/EditorResources/S_Solver.uasset" 84
"../../../Engine/Content/EditorResources/S_Terrain.uasset" 85
"../../../Engine/Content/EditorResources/S_Trigger.uasset" 86
"../../../Engine/Content/EditorResources/LightIcons/S_LightError.uasset" 87
"../../../Engine/Content/EditorResources/SequenceRecorder/Countdown.uasset" 88
"../../../Engine/Content/EditorResources/SequenceRecorder/RecordingIndicator.uasset" 89
"../../../Engine/Content/EngineDamageTypes/DmgTypeBP_Environmental.uasset" 90
"../../../Engine/Content/EngineDebugMaterials/DebugEditorMaterial.uasset" 91
"../../../Engine/Content/EngineDebugMaterials/DebugMeshMaterial.uasset" 92
"../../../Engine/Content/EngineDebugMaterials/M_SimpleUnlitTranslucent.uasset" 93
"../../../Engine/Content/EngineDebugMaterials/VolumeToRender.uasset" 94
"../../../Engine/Content/Functions/Engine_MaterialFunctions02/Utility/CameraDirectionVector.uasset" 95
"../../../Engine/Content/EngineDebugMaterials/M_VolumeRenderSphereTracePP.uasset" 96
"../../../Engine/Content/Functions/Engine_MaterialFunctions01/Shading/ConvertFromDiffSpec.uasset" 97
"../../../Engine/Content/EngineDebugMaterials/VertexColorMaterial.uasset" 98
"../../../Engine/Content/EngineDebugMaterials/WireframeMaterial.uasset" 99
"../../../Engine/Content/EngineFonts/Faces/RobotoRegular.uasset" 100
"../../../Engine/Content/EngineFonts/Faces/RobotoLight.uasset" 101
"../../../Engine/Content/EngineFonts/Faces/RobotoItalic.uasset" 102
"../../../Engine/Content/EngineFonts/Faces/RobotoBoldItalic.uasset" 103
"../../../Engine/Content/EngineFonts/Faces/RobotoBold.uasset" 104
"../../../Engine/Content/EngineFonts/Faces/DroidSansFallback.uasset" 105
"../../../Engine/Content/EngineFonts/Roboto.uasset" 106
"../../../Engine/Content/EngineMaterials/BaseFlattenNormalMap.uasset" 107
"../../../Engine/Content/EngineMaterials/BaseFlattenGrayscaleMap.uasset" 108
"../../../Engine/Content/EngineMaterials/BaseFlattenEmissiveMap.uasset" 109
"../../../Engine/Content/EngineMaterials/BaseFlattenDiffuseMap.uasset" 110
"../../../Engine/Content/EngineMaterials/BaseFlattenMaterial.uasset" 111
"../../../Engine/Content/EngineMaterials/BlueNoise.uasset" 112
"../../../Engine/Content/EngineMaterials/DefaultBloomKernel.uasset" 113
"../../../Engine/Content/EngineMaterials/DefaultBokeh.uasset" 114
"../../../Engine/Content/EngineMaterials/DefaultDiffuse.uasset" 115
"../../../Engine/Content/EngineMaterials/DefaultDeferredDecalMaterial.uasset" 116
"../../../Engine/Content/EngineMaterials/DefaultLightFunctionMaterial.uasset" 117
"../../../Engine/Content/EngineMaterials/DefaultPhysicalMaterial.uasset" 118
"../../../Engine/Content/Functions/Engine_MaterialFunctions02/Utility/BreakOutFloat2Components.uasset" 119
"../../../Engine/Content/EngineMaterials/DefaultPostProcessMaterial.uasset" 120
"../../../Engine/Content/EngineFonts/RobotoDistanceField.uasset" 121
"../../../Engine/Content/EngineMaterials/DefaultTextMaterialOpaque.uasset" 122
"../../../Engine/Content/EngineMaterials/DefaultWhiteGrid_Low.uasset" 123
"../../../Engine/Content/EngineMaterials/EmissiveMeshMaterial.uasset" 124
"../../../Engine/Content/EngineMaterials/GizmoMaterial.uasset" 125
"../../../Engine/Content/EngineMaterials/MiniFont.uasset" 126
"../../../Engine/Content/EngineMaterials/InvalidLightmapSettings.uasset" 127
"../../../Engine/Content/EngineMaterials/M_InvalidLightmapSettings.uasset" 128
"../../../Engine/Content/Functions/Engine_MaterialFunctions02/WorldPositionOffset/CameraOffset.uasset" 129
"../../../Engine/Content/EngineMaterials/PhAT_JointLimitMaterial.uasset" 130
"../../../Engine/Content/EngineMaterials/PreintegratedSkinBRDF.uasset" 131
"../../../Engine/Content/EngineMaterials/RemoveSurfaceMaterial.uasset" 132
"../../../Engine/Content/EngineMaterials/WeightMapPlaceholderTexture.uasset" 133
"../../../Engine/Content/EngineResources/WhiteSquareTexture.uasset" 134
"../../../Engine/Content/EngineMaterials/Widget3DPassThrough.uasset" 135
"../../../Engine/Content/EngineMaterials/Widget3DPassThrough_Masked.uasset" 136
"../../../Engine/Content/EngineMaterials/Widget3DPassThrough_Opaque.uasset" 137
"../../../Engine/Content/EngineMaterials/Widget3DPassThrough_Masked_OneSided.uasset" 138
"../../../Engine/Content/EngineMaterials/Widget3DPassThrough_Opaque_OneSided.uasset" 139
"../../../Engine/Content/EngineMaterials/Widget3DPassThrough_Translucent.uasset" 140
"../../../Engine/Content/EngineMaterials/Widget3DPassThrough_Translucent_OneSided.uasset" 141
"../../../Engine/Content/EngineMeshes/Cube.uasset" 142
"../../../Engine/Content/EngineMeshes/Cylinder.uasset" 143
"../../../Engine/Content/EngineMeshes/Sphere.uasset" 144
"../../../Engine/Content/EngineResources/Black.uasset" 145
"../../../Engine/Content/EngineResources/DefaultTextureCube.uasset" 146
"../../../Engine/Content/EngineResources/DefaultVolumeTexture2D.uasset" 147
"../../../Engine/Content/EngineResources/DefaultVolumeTexture.uasset" 148
"../../../Engine/Content/EngineResources/GradientTexture0.uasset" 149
"../../../Engine/Content/EngineSky/VolumetricClouds/T_NoiseShape64.uasset" 150
"../../../Engine/Content/EngineSky/VolumetricClouds/T_VolumeNoiseShape64.uasset" 151
"../../../Engine/Content/EngineSky/VolumetricClouds/T_NoiseErosion.uasset" 152
"../../../Engine/Content/EngineSky/VolumetricClouds/T_VolumeNoiseErosion32.uasset" 153
"../../../Engine/Content/EngineSky/VolumetricClouds/CloudWeatherTexture.uasset" 154
"../../../Engine/Content/EngineSky/VolumetricClouds/CloudGradientTexture.uasset" 155
"../../../Engine/Content/Functions/Engine_MaterialFunctions02/Utility/MakeFloat2.uasset" 156
"../../../Engine/Content/EngineSky/VolumetricClouds/m_SimpleVolumetricCloud.uasset" 157
"../../../Engine/Content/EngineSky/VolumetricClouds/m_SimpleVolumetricCloud_Inst.uasset" 158
"../../../Engine/Content/EngineSounds/Master.uasset" 159
"../../../Engine/Content/Functions/Engine_MaterialFunctions01/Shading/PowerToRoughness.uasset" 160
"../../../Engine/Content/Maps/Templates/Thumbnails/Default.uasset" 161
"../../../Engine/Content/Maps/Templates/Thumbnails/TimeOfDay.uasset" 162
"../../../Engine/Content/Maps/Templates/Thumbnails/VR-Basic.uasset" 163
"../../../Engine/Content/MobileResources/T_MobileControls_texture.uasset" 164
"../../../Engine/Content/MobileResources/T_MobileMenu2.uasset" 165
"../../../Engine/Content/MobileResources/HUD/AnalogHat.uasset" 166
"../../../Engine/Content/MobileResources/HUD/VirtualJoystick_Thumb.uasset" 167
"../../../Engine/Content/MobileResources/HUD/VirtualJoystick_Background.uasset" 168
"../../../Engine/Content/MobileResources/HUD/DefaultVirtualJoysticks.uasset" 169
"../../../Engine/Content/MobileResources/HUD/LeftVirtualJoystickOnly.uasset" 170
"../../../Engine/Content/MobileResources/HUD/MobileHUDButton1_off.uasset" 171
"../../../Engine/Content/MobileResources/HUD/MobileHUDButton1_on.uasset" 172
"../../../Engine/Content/MobileResources/HUD/MobileHUDButton2_off.uasset" 173
"../../../Engine/Content/MobileResources/HUD/MobileHUDButton2_on.uasset" 174
"../../../Engine/Content/MobileResources/HUD/MobileHUDButton3.uasset" 175
"../../../Engine/Content/MobileResources/HUD/MobileHUDButtonFire.uasset" 176
"../../../Engine/Content/MobileResources/HUD/MobileHUDDirectionPad.uasset" 177
"../../../Engine/Content/MobileResources/HUD/MobileHUDDirectionPad2.uasset" 178
"../../../Engine/Content/MobileResources/HUD/MobileHUDDirectionPad3.uasset" 179
"../../../Engine/Content/MobileResources/HUD/MobileHUDDirectionStick.uasset" 180
"../../../Engine/Content/MobileResources/HUD/T_Castle_ThumbstickInner.uasset" 181
"../../../Engine/Content/MobileResources/HUD/T_Castle_ThumbstickOutter.uasset" 182
"../../../Engine/Content/Tutorial/ContentIntroCurve.uasset" 183
"../../../Engine/Content/Tutorial/Basics/LevelEditorAttract.uasset" 184
"../../../Engine/Content/Tutorial/Basics/TutorialAssets/icon_tab_Levels_40x.uasset" 185
"../../../Engine/Content/Tutorial/Basics/LevelEditorOverview.uasset" 186
"../../../Engine/Content/Tutorial/SubEditors/MaterialEditorTutorial.uasset" 187
"../../../Engine/Content/Tutorial/SubEditors/StaticMeshEditorTutorial.uasset" 188
"../../../Engine/Content/Tutorial/SubEditors/TutorialAssets/TutorialMaterial.uasset" 189
"../../../Engine/Content/VREditor/TransformGizmo/TranslucentTransformGizmoMaterial.uasset" 190
"../../../Engine/Content/VREditor/LaserPointer/VR_LaserPower_01.uasset" 191
"../../../Engine/Content/VREditor/TransformGizmo/TransformGizmoMaterial.uasset" 192
"../../../Engine/Content/VREditor/TransformGizmo/BoundingBoxCorner.uasset" 193
"../../../Engine/Content/VREditor/TransformGizmo/BoundingBoxEdge.uasset" 194
"../../../Engine/Content/VREditor/TransformGizmo/PlaneTranslationHandle.uasset" 195
"../../../Engine/Content/VREditor/TransformGizmo/Xray.uasset" 196
"../../../Engine/Content/VREditor/TransformGizmo/Main.uasset" 197
"../../../Engine/Content/VREditor/TransformGizmo/SM_Sequencer_Key.uasset" 198
"../../../Engine/Content/VREditor/TransformGizmo/SM_Sequencer_Node.uasset" 199
"../../Plugins/2D/Paper2D/Content/PlaceholderTextures/DummySpriteTexture.uasset" 200
"../../Plugins/2D/Paper2D/Content/DummySprite.uasset" 201
"../../Plugins/2D/Paper2D/Content/DefaultPaperTerrainMaterial.uasset" 202
"../../Plugins/2D/Paper2D/Content/DefaultSpriteMaterial.uasset" 203
"../../Plugins/2D/Paper2D/Content/MaskedUnlitSpriteMaterial.uasset" 204
"../../Plugins/2D/Paper2D/Content/OpaqueUnlitSpriteMaterial.uasset" 205
"../../../Engine/Content/BasicShapes/Cylinder.uasset" 206
"../../../Engine/Content/ArtTools/RenderToTexture/Materials/Debug/M_Emissive_Color.uasset" 207
"../../Plugins/Lumin/MagicLeapPassableWorld/Content/MagicLeapARPinInfoActor.uasset" 208
"../../../Engine/Content/Functions/Engine_MaterialFunctions02/Utility/BreakOutFloat3Components.uasset" 209
"../../Plugins/Editor/SpeedTreeImporter/Content/SpeedTree9/UnpackInteger3.uasset" 210
"../../Plugins/Editor/SpeedTreeImporter/Content/SpeedTree9/UnpackDirection.uasset" 211
"../../Plugins/Editor/SpeedTreeImporter/Content/SpeedTree9/game_wind_noise.uasset" 212
"../../../Engine/Content/Functions/Engine_MaterialFunctions02/SafeNormalize.uasset" 213
"../../Plugins/Editor/SpeedTreeImporter/Content/SpeedTree9/SpeedTreeWindMotion.uasset" 214
"../../Plugins/Editor/SpeedTreeImporter/Content/SpeedTree9/SpeedTreeBranchMotion.uasset" 215
"../../../Engine/Content/Functions/Engine_MaterialFunctions02/ObjectLocalBounds.uasset" 216
"../../../Engine/Content/Functions/Engine_MaterialFunctions02/UVs/BoundingBoxBased_0-1_UVW.uasset" 217
"../../Plugins/Editor/SpeedTreeImporter/Content/SpeedTree9/SpeedTreeWind.uasset" 218
"../../Plugins/Editor/SpeedTreeImporter/Content/SpeedTree9/SpeedTreeBillboard.uasset" 219
"../../../Engine/Content/EngineResources/DefaultTexture.uasset" 220
"../../Plugins/Editor/SpeedTreeImporter/Content/SpeedTree9/SpeedTreeBillboardMaster.uasset" 221
"../../Plugins/Editor/SpeedTreeImporter/Content/SpeedTree9/SpeedTreeCameraFacing.uasset" 222
"../../Plugins/Editor/SpeedTreeImporter/Content/SpeedTree9/SpeedTreeMaster.uasset" 223
"../../../Engine/Content/Functions/Engine_MaterialFunctions02/Utility/BreakOutFloat4Components.uasset" 224
"../../../Engine/Content/Functions/Engine_MaterialFunctions02/Utility/MakeFloat3.uasset" 225
"../../Plugins/Runtime/Oculus/OculusVR/Content/Materials/OculusMR_ChromaKey.uasset" 226
"../../Plugins/Runtime/Oculus/OculusVR/Content/Materials/OculusMR_OpaqueColoredMaterial.uasset" 227
"../../Plugins/Runtime/Oculus/OculusVR/Content/Materials/PokeAHoleMaterial.uasset" 228
"D:/Codes/gitChess/Content/Replay.umap" 229
"D:/Codes/gitChess/Content/Map_BuiltData.uasset" 230
"../../../Engine/Content/BasicShapes/Cube.uasset" 231
"D:/Codes/gitChess/Content/Materials/Wood/Textures/T_Strp_01_M.uasset" 232
"D:/Codes/gitChess/Content/Materials/Wood/Textures/T_Oak_Strp_02_R.uasset" 233
"D:/Codes/gitChess/Content/Materials/Wood/Textures/T_Oak_Strp_02_N.uasset" 234
"D:/Codes/gitChess/Content/Materials/Wood/Textures/T_Oak_Strp_02_D.uasset" 235
"D:/Codes/gitChess/Content/Materials/Wood/Textures/T_Oak_Strp_01_AO.uasset" 236
"D:/Codes/gitChess/Content/Materials/Wood/Textures/T_Oak_Bskt_01_N.uasset" 237
"D:/Codes/gitChess/Content/Materials/Wood/Textures/T_Beech_Strp_01_N.uasset" 238
"D:/Codes/gitChess/Content/Materials/Wood/Textures/T_Beech_Strp_01_D.uasset" 239
"../../../Engine/Content/Functions/Engine_MaterialFunctions02/Texturing/CustomRotator.uasset" 240
"D:/Codes/gitChess/Content/Materials/Wood/Wood_base.uasset" 241
"D:/Codes/gitChess/Content/Materials/Wood/LightWood_Tile.uasset" 242
"D:/Codes/gitChess/Content/Materials/Wood/LightWood_Piece.uasset" 243
"D:/Codes/gitChess/Content/Materials/Wood/floor.uasset" 244
"D:/Codes/gitChess/Content/Materials/Wood/DarkWood_Tile.uasset" 245
"D:/Codes/gitChess/Content/Materials/Wood/DarkWood_Piece.uasset" 246
"D:/Codes/gitChess/Content/Materials/Metallic/se1xfazc_8K_Roughness.uasset" 247
"D:/Codes/gitChess/Content/Materials/Metallic/se1xfazc_8K_Normal.uasset" 248
"D:/Codes/gitChess/Content/Materials/Metallic/se1xfazc_8K_Metalness.uasset" 249
"D:/Codes/gitChess/Content/Materials/Metallic/se1xfazc_8K_Displacement.uasset" 250
"D:/Codes/gitChess/Content/Materials/Metallic/se1xfazc_8K_Albedo.uasset" 251
"../../../Engine/Content/EngineMaterials/DefaultWhiteGrid.uasset" 252
"../../../Engine/Content/EngineMaterials/BlendFunc_DefBlend.uasset" 253
"../../../Engine/Content/EngineMaterials/BlendFunc_DefBase.uasset" 254
"../../../Engine/Content/Functions/Engine_MaterialFunctions03/Blends/Blend_Overlay.uasset" 255
"../../../Engine/Content/Functions/Engine_MaterialFunctions02/Math/MultiplyAdd.uasset" 256
"D:/Codes/gitChess/Content/Materials/Metallic/Master_Materials/Standard_MasterMaterial.uasset" 257
"D:/Codes/gitChess/Content/Materials/Metallic/Iron_Piece.uasset" 258
"D:/Codes/gitChess/Content/Materials/Metallic/scnnfhbp_8K_Roughness.uasset" 259
"D:/Codes/gitChess/Content/Materials/Metallic/scnnfhbp_8K_Normal.uasset" 260
"D:/Codes/gitChess/Content/Materials/Metallic/scnnfhbp_8K_Metalness.uasset" 261
"D:/Codes/gitChess/Content/Materials/Metallic/scnnfhbp_8K_Displacement.uasset" 262
"D:/Codes/gitChess/Content/Materials/Metallic/scnnfhbp_8K_Albedo.uasset" 263
"D:/Codes/gitChess/Content/Materials/Metallic/Copper_Tile.uasset" 264
"D:/Codes/gitChess/Content/Materials/Metallic/shkafchc_4K_Roughness.uasset" 265
"D:/Codes/gitChess/Content/Materials/Metallic/shkafchc_4K_Normal.uasset" 266
"D:/Codes/gitChess/Content/Materials/Metallic/shkafchc_4K_Metalness.uasset" 267
"D:/Codes/gitChess/Content/Materials/Metallic/shkafchc_4K_Albedo.uasset" 268
"D:/Codes/gitChess/Content/Materials/Metallic/BrushedSteel_Tile.uasset" 269
"D:/Codes/gitChess/Content/Materials/Metallic/se4pcbbc_4K_Roughness.uasset" 270
"D:/Codes/gitChess/Content/Materials/Metallic/se4pcbbc_4K_Normal.uasset" 271
"D:/Codes/gitChess/Content/Materials/Metallic/se4pcbbc_4K_Metalness.uasset" 272
"D:/Codes/gitChess/Content/Materials/Metallic/se4pcbbc_4K_Displacement.uasset" 273
"D:/Codes/gitChess/Content/Materials/Metallic/se4pcbbc_4K_Albedo.uasset" 274
"D:/Codes/gitChess/Content/Materials/Metallic/Bronze_Piece.uasset" 275
"D:/Codes/gitChess/Content/Materials/Acrylic/AcrylicWhite_Piece.uasset" 276
"D:/Codes/gitChess/Content/Materials/Glass/GlassWhitePiece.uasset" 277
"D:/Codes/gitChess/Content/Materials/Acrylic/AcrylicBlack_Piece.uasset" 278
"D:/Codes/gitChess/Content/Materials/Glass/GlassBlackPiece.uasset" 279
"D:/Codes/gitChess/Content/Materials/Glass/FrozenMaster_Inst.uasset" 280
"D:/Codes/gitChess/Content/Materials/BnW(Default)/tile_W.uasset" 281
"D:/Codes/gitChess/Content/Materials/BnW(Default)/tile_B.uasset" 282
"D:/Codes/gitChess/Content/Materials/BnW(Default)/Piece_W.uasset" 283
"D:/Codes/gitChess/Content/Materials/BnW(Default)/Piece_B.uasset" 284
"D:/Codes/gitChess/Content/Materials/BlackAndWhite/tile_W.uasset" 285
"D:/Codes/gitChess/Content/Materials/BlackAndWhite/tile_B.uasset" 286
"D:/Codes/gitChess/Content/Materials/BlackAndWhite/Piece_W.uasset" 287
"D:/Codes/gitChess/Content/Materials/BlackAndWhite/Piece_B.uasset" 288
"D:/Codes/gitChess/Content/Materials/Acrylic/ArylicBlackTile.uasset" 289
"D:/Codes/gitChess/Content/Materials/Acrylic/AcrylicWhiteTIle.uasset" 290
"D:/Codes/gitChess/Content/Materials/24K/scnpagqp_8K_Roughness.uasset" 291
"D:/Codes/gitChess/Content/Materials/24K/scnpagqp_8K_Normal.uasset" 292
"D:/Codes/gitChess/Content/Materials/24K/scnpagqp_8K_Metalness.uasset" 293
"D:/Codes/gitChess/Content/Materials/24K/scnpagqp_8K_Displacement.uasset" 294
"D:/Codes/gitChess/Content/Materials/24K/scnpagqp_8K_Albedo.uasset" 295
"D:/Codes/gitChess/Content/Materials/24K/Silver_Piece.uasset" 296
"D:/Codes/gitChess/Content/Materials/24K/schvfgwp_8K_Roughness.uasset" 297
"D:/Codes/gitChess/Content/Materials/24K/schvfgwp_8K_Normal.uasset" 298
"D:/Codes/gitChess/Content/Materials/24K/schvfgwp_8K_Metalness.uasset" 299
"D:/Codes/gitChess/Content/Materials/24K/schvfgwp_8K_Displacement.uasset" 300
"D:/Codes/gitChess/Content/Materials/24K/schvfgwp_8K_Albedo.uasset" 301
"D:/Codes/gitChess/Content/Materials/24K/Gold_Piece.uasset" 302
"D:/Codes/gitChess/Content/Materials/24K/se4peakc_4K_Roughness.uasset" 303
"D:/Codes/gitChess/Content/Materials/24K/se4peakc_4K_Normal.uasset" 304
"D:/Codes/gitChess/Content/Materials/24K/se4peakc_4K_Metalness.uasset" 305
"D:/Codes/gitChess/Content/Materials/24K/se4peakc_4K_Displacement.uasset" 306
"D:/Codes/gitChess/Content/Materials/24K/se4peakc_4K_Albedo.uasset" 307
"D:/Codes/gitChess/Content/Materials/24K/Chromium_Tile.uasset" 308
"D:/Codes/gitChess/Content/Materials/24K/scoacdjp_8K_Roughness.uasset" 309
"D:/Codes/gitChess/Content/Materials/24K/scoacdjp_8K_Normal.uasset" 310
"D:/Codes/gitChess/Content/Materials/24K/scoacdjp_8K_Metalness.uasset" 311
"D:/Codes/gitChess/Content/Materials/24K/scoacdjp_8K_Displacement.uasset" 312
"D:/Codes/gitChess/Content/Materials/24K/scoacdjp_8K_Albedo.uasset" 313
"D:/Codes/gitChess/Content/Materials/24K/Brass_Tile.uasset" 314
"D:/Codes/gitChess/Content/Fonts/SemiBold.uasset" 315
"D:/Codes/gitChess/Content/Fonts/DefaultTextMaterialOpaque.uasset" 316
"D:/Codes/gitChess/Content/Images/WinTab.uasset" 317
"D:/Codes/gitChess/Content/Images/Button1.uasset" 318
"D:/Codes/gitChess/Content/Images/ArrowIcon.uasset" 319
"D:/Codes/gitChess/Content/Fonts/VarelaRound-Regular.uasset" 320
"D:/Codes/gitChess/Content/Fonts/VarelaRound.uasset" 321
"D:/Codes/gitChess/Content/Blueprint/WinningScreen.uasset" 322
"D:/Codes/gitChess/Content/Images/chessDesign.uasset" 323
"D:/Codes/gitChess/Content/Images/baseBoard.uasset" 324
"D:/Codes/gitChess/Content/Fonts/seguisb.uasset" 325
"D:/Codes/gitChess/Content/Fonts/seguisb_Font.uasset" 326
"D:/Codes/gitChess/Content/Images/WRook.uasset" 327
"D:/Codes/gitChess/Content/Images/WQueen.uasset" 328
"D:/Codes/gitChess/Content/Images/WPawn.uasset" 329
"D:/Codes/gitChess/Content/Images/WKnight.uasset" 330
"D:/Codes/gitChess/Content/Images/WKing.uasset" 331
"D:/Codes/gitChess/Content/Images/WBishop.uasset" 332
"D:/Codes/gitChess/Content/Images/LightBlueTile.uasset" 333
"D:/Codes/gitChess/Content/Images/DarkBlueTile.uasset" 334
"D:/Codes/gitChess/Content/Images/BRook.uasset" 335
"D:/Codes/gitChess/Content/Images/BQueen.uasset" 336
"D:/Codes/gitChess/Content/Images/BPawn.uasset" 337
"D:/Codes/gitChess/Content/Images/BKnight.uasset" 338
"D:/Codes/gitChess/Content/Images/BKing.uasset" 339
"D:/Codes/gitChess/Content/Images/BBishop.uasset" 340
"D:/Codes/gitChess/Content/Blueprint/ReplayChessUserWidgetBP.uasset" 341
"D:/Codes/gitChess/Content/Blueprint/Projection2D_bP.uasset" 342
"D:/Codes/gitChess/Content/Images/pointBackground2.uasset" 343
"D:/Codes/gitChess/Content/Blueprint/Player2Point_BP.uasset" 344
"D:/Codes/gitChess/Content/Images/pointBackground1.uasset" 345
"D:/Codes/gitChess/Content/Blueprint/Player1Point_BP.uasset" 346
"D:/Codes/gitChess/Content/Images/Wood.uasset" 347
"D:/Codes/gitChess/Content/Images/OpenSideTab.uasset" 348
"D:/Codes/gitChess/Content/Images/Metallic.uasset" 349
"D:/Codes/gitChess/Content/Images/Glass.uasset" 350
"D:/Codes/gitChess/Content/Images/Default.uasset" 351
"D:/Codes/gitChess/Content/Images/Acrylic.uasset" 352
"D:/Codes/gitChess/Content/Images/24K.uasset" 353
"D:/Codes/gitChess/Content/Blueprint/MaterialSwitch.uasset" 354
"D:/Codes/gitChess/Content/Blueprint/ChessHUD_BP.uasset" 355
"D:/Codes/gitChess/Content/Blueprint/ChessGameMode.uasset" 356
"D:/Codes/gitChess/Content/chessBoardBorder_out.uasset" 357
"D:/Codes/gitChess/Content/chessBoardBorder_In.uasset" 358
"D:/Codes/gitChess/Content/Map.umap" 359
"../../../Engine/Content/Maps/Entry_BuiltData.uasset" 360
"../../../Engine/Content/Maps/Entry.umap" 361
